02-06-2023 @ 03:29:39 - 5.3.1 upgrade complete from Subscriptions v5.1.0 while WooCommerce WC_VERSION 7.3.0 and database version 7.2.0 was active.
02-06-2023 @ 03:29:39 - Environment info:
02-06-2023 @ 03:29:39 -     WordPress Version : 6.1.1
02-06-2023 @ 03:29:39 - Active Plugins:
02-06-2023 @ 03:29:39 -     Mobile Menu by Freshlight Lab – 2.8.3
02-06-2023 @ 03:29:39 -     All in One SEO by All in One SEO Team – 4.3.0
02-06-2023 @ 03:29:39 -     All-in-One WP Migration by ServMask – 6.77
02-06-2023 @ 03:29:39 -     The Bluehost Plugin by Bluehost – 2.12.18
02-06-2023 @ 03:29:39 -     Creative Mail by Newfold Digital by Newfold Digital – 1.6.7
02-06-2023 @ 03:29:39 -     Simple Custom CSS and JS by SilkyPress.com – 3.42
02-06-2023 @ 03:29:39 -     Custom Fonts by Brainstorm Force – 1.3.7
02-06-2023 @ 03:29:39 -     Elementor by Elementor.com – 3.10.2
02-06-2023 @ 03:29:39 -     ElementsKit Lite by Wpmet – 2.8.1
02-06-2023 @ 03:29:39 -     Essential Addons for Elementor by WPDeveloper – 5.5.3
02-06-2023 @ 03:29:39 -     Google Analytics for WordPress by MonsterInsights by MonsterInsights – 8.12.1
02-06-2023 @ 03:29:39 -     Site Kit by Google by Google – 1.93.0
02-06-2023 @ 03:29:39 -     Happy Elementor Addons by weDevs – 3.8.2
02-06-2023 @ 03:29:39 -     Jetpack by Automattic – 11.7.1
02-06-2023 @ 03:29:39 -     Max Mega Menu by megamenu.com – 3.1.1
02-06-2023 @ 03:29:39 -     Menu Icons by ThemeIsle – 0.13.2
02-06-2023 @ 03:29:39 -     Menu Image by Freshlight Lab – 3.0.8
02-06-2023 @ 03:29:39 -     Regenerate Thumbnails by Alex Mills (Viper007Bond) – 3.1.5
02-06-2023 @ 03:29:39 -     Sticky Header Effects for Elementor by Rwattner – 1.5.5
02-06-2023 @ 03:29:39 -     Strong Testimonials by WPChill – 3.1.0
02-06-2023 @ 03:29:39 -     Use Any Font by Dnesscarkey – 6.3.01
02-06-2023 @ 03:29:39 -     Converter for Media by matt plugins – 5.7.1
02-06-2023 @ 03:29:39 -     WooCommerce Payments by Automattic – 5.4.0
02-06-2023 @ 03:29:39 -     WooCommerce Shipping & Tax by WooCommerce – 2.2.2
02-06-2023 @ 03:29:39 -     WooCommerce Square by WooCommerce – 3.5.0
02-06-2023 @ 03:29:39 -     WooCommerce by Automattic – 7.3.0
02-06-2023 @ 03:29:39 -     WPForms Lite by WPForms – 1.7.9.1
